[2021-03-21 16:19:01][QOfY4eI3][SQL][0:3]select * from IRS_CHECK where f_id = 'GET_MSGID'
[2021-03-21 16:19:01][ydyHfeuy][REQ]{"code":"67a5298c8cf6a78e91f9c7cc461a5695d467b0f7da956e84c1013cde4d3b427da58430ccad744628","u":"FRONT","f":"GET_MSGID","l":"34C3B3B3D3B343B324C3C334D3344616165615ea6125913f266c157bf69549b6f991b0"}
[2021-03-21 16:19:01][ydyHfeuy][SQL][0:3]SELECT FUNCTION_NO F, OUTPUTPARAM, INPUTPARAM, SERVICES_INFO,FUNC_TYPE,DATASOURCE,SCRIPT_INFO from P_FUNCTION_NO  WHERE FUNCTION_NO = 'GET_MSGID'
[2021-03-21 16:19:01][ydyHfeuy][SQL][0:1]SELECT FUNCTION_NO F, OUTPUTPARAM, INPUTPARAM, SERVICES_INFO,FUNC_TYPE,DATASOURCE,SCRIPT_INFO from P_FUNCTION_NO  WHERE FUNCTION_NO = 'FRAM_SYSTEM'
[2021-03-21 16:19:02][ydyHfeuy][SQL][10:3]SELECT (SERIAL_MID + 1) AS SERIAL_MID,SERIAL_PRE, SERIAL_SUF, TO_FIELD,SERIAL_MID_LENGTH FROM P_SERIAL_NO_STRATEGY WHERE DEAL_NAME='MSG_ID' AND UNIT_CODE='kingstar' FOR UPDATE UPDATE P_SERIAL_NO_STRATEGY SET SERIAL_MID=?, UPDATE_TIME=? WHERE DEAL_NAME='MSG_ID' AND UNIT_CODE='kingstar'
[2021-03-21 16:19:02][ydyHfeuy][RES][20]{"CODE":"200","code":"200","header":{"code":"0","errMessage":""},"tradeDate":{"tradeDate":"00000208"},"SYS_REAL_DATETIME":"2021-03-21 16:19:01"}
[2021-03-21 16:19:02][v3WRMNqB][SQL][0:3]select * from IRS_CHECK where f_id = 'RT02'
[2021-03-21 16:19:02][JNpPjltQ][REQ]{"code":"a568f91844bde8b434d5daab5e02e55444cb0655a15c5e7c6de30d915ef14846bed3a45893272960","ENTITYID":"1234001","RECORDNUM":"1","f":"RT02","STATUS1":"0","MSGTYPE":null,"l":"34C3B3B3D3B343B324C3C334D3344616165615ea6125913f266c157bf69549b6f991b0","MEMID":null,"DEALCODE":"IRS201404160000001","CONTRACTCODE":"CF201404160000033","u":"FRONT","STATUS3":"4","STATUS2":"3","DEALTYPE":"N","SENDTIME":null,"ID":"1","MSGID":null}
[2021-03-21 16:19:02][JNpPjltQ][SQL][0:1]SELECT FUNCTION_NO F, OUTPUTPARAM, INPUTPARAM, SERVICES_INFO,FUNC_TYPE,DATASOURCE,SCRIPT_INFO from P_FUNCTION_NO  WHERE FUNCTION_NO = 'RT02'
[2021-03-21 16:19:02][JNpPjltQ][SQL][0:1]SELECT FUNCTION_NO F, OUTPUTPARAM, INPUTPARAM, SERVICES_INFO,FUNC_TYPE,DATASOURCE,SCRIPT_INFO from P_FUNCTION_NO  WHERE FUNCTION_NO = 'FRAM_SYSTEM'
[2021-03-21 16:19:02][JNpPjltQ][SQL][0:1]SELECT PARAMVALUE FROM P_PARAMS where PARAMNAME = 'SYS_SYSDATE_FLAG'
[2021-03-21 16:19:02][JNpPjltQ][SQL][0:3]SELECT * FROM ( SELECT A.*, ROWNUM RN FROM ( select   COLUMN_NAME AS COLUMN_NAME   from   user_cons_columns  where   constraint_name   =   (select   constraint_name   from   user_constraints where   table_name ='BASE_TRADE_INFO'  and   constraint_type   ='P') ) A WHERE ROWNUM <= 10) WHERE RN > 0
[2021-03-21 16:19:02][JNpPjltQ][SQL][29]UPDATE BASE_TRADE_INFO SET TRADE_STATUS='4',MODIFY_TIME=TO_DATE('2021-03-21 16:19:02','YYYY-MM-DD HH24:MI:SS') WHERE  CUST_TRADECODE='1234001' AND DEAL_CODE='IRS201404160000001' effect:0
[2021-03-21 16:20:01][xjR155pI][SQL][0:1]SELECT FUNCTION_NO F, OUTPUTPARAM, INPUTPARAM, SERVICES_INFO,FUNC_TYPE,DATASOURCE,SCRIPT_INFO from P_FUNCTION_NO  WHERE FUNCTION_NO = 'RT02'
[2021-03-21 16:20:01][xjR155pI][SQL][0:2]SELECT FUNCTION_NO F, OUTPUTPARAM, INPUTPARAM, SERVICES_INFO,FUNC_TYPE,DATASOURCE,SCRIPT_INFO from P_FUNCTION_NO  WHERE FUNCTION_NO = 'FRAM_SYSTEM'
[2021-03-21 16:20:01][xjR155pI][SQL][1:3]SELECT PARAMVALUE FROM P_PARAMS where PARAMNAME = 'SYS_SYSDATE_FLAG'
[2021-03-21 16:20:02][xjR155pI][SQL][0:6]SELECT * FROM ( SELECT A.*, ROWNUM RN FROM ( select   COLUMN_NAME AS COLUMN_NAME   from   user_cons_columns  where   constraint_name   =   (select   constraint_name   from   user_constraints where   table_name ='BASE_TRADE_INFO'  and   constraint_type   ='P') ) A WHERE ROWNUM <= 10) WHERE RN > 0
[2021-03-21 16:20:02][xjR155pI][SQL][28]UPDATE BASE_TRADE_INFO SET TRADE_STATUS='4',MODIFY_TIME=TO_DATE('2021-03-21 16:20:01','YYYY-MM-DD HH24:MI:SS') WHERE  CUST_TRADECODE='1234001' AND DEAL_CODE='IRS201404160000001' effect:0
[2021-03-21 16:20:02][xjR155pI][Debug]service return null:SCHInterfaceService
[2021-03-21 16:20:02][xjR155pI][RES][45]{"CODE":"200","code":"200","SYS_REAL_DATETIME":"2021-03-21 16:20:01"}
[2021-03-21 16:21:01][mtSFjbvS][SQL][0:3]select * from IRS_CHECK where f_id = 'GET_MSGID'
[2021-03-21 16:21:01][wEfsfuoO][REQ]{"code":"3ecb49142fcbc530a555ba53891884e9e896b08b52a38228d3b4ef8de4a54364bcfdf47876371970","u":"FRONT","f":"GET_MSGID","l":"34C3B3B3D3B343B324C3C334D3344616165615ea6125913f266c157bf69549b6f991b0"}